Arguments: 
  /Users/jessicapalomo/.nvm/versions/node/v14.14.0/bin/node /Users/jessicapalomo/.nvm/versions/node/v14.14.0/bin/yarn

PATH: 
  /Users/jessicapalomo/.nvm/versions/node/v14.14.0/bin:/usr/local/bin:/usr/bin:/bin:/usr/sbin:/sbin:/Users/jessicapalomo/.nvm/versions/node/v14.14.0/bin

Yarn version: 
  1.22.10

Node version: 
  14.14.0

Platform: 
  darwin x64

Trace: 
  SyntaxError: /Users/jessicapalomo/Downloads/themeforest-hpjBAEDq-megaone-one-page-parallax/main-file/personal-hotspot/package.json: Unexpected token { in JSON at position 55
      at JSON.parse (<anonymous>)
      at /Users/jessicapalomo/.nvm/versions/node/v14.14.0/lib/node_modules/yarn/lib/cli.js:1625:59
      at Generator.next (<anonymous>)
      at step (/Users/jessicapalomo/.nvm/versions/node/v14.14.0/lib/node_modules/yarn/lib/cli.js:310:30)
      at /Users/jessicapalomo/.nvm/versions/node/v14.14.0/lib/node_modules/yarn/lib/cli.js:321:13

npm manifest: 
  {
    "dependencies": {
      "bootstrap": "^4.5.3"
    }
  }
  
  {
    "name": "midterm_template",
    "version": "1.0.0",
    "main": "index.js",
    "license": "MIT",
    "dependencies": {
      "concurrently": "^5.3.0",
      "express": "^4.17.1",
      "puppeteer": "^5.5.0"
    },
    "devDependencies": {
      "dotenv": "^8.2.0",
      "husky": "^4.3.0",
      "nodemon": "^2.0.6",
      "prettier": "^2.1.2",
      "pretty-quick": "^3.1.0"
    },
    "husky": {
      "hooks": {
        "pre-commit": "pretty-quick --staged"
      }
    },
    "engines": {
      "node": ">=0.14"
    },
    "scripts": {
      "start": "node server.js",
      "server": "nodemon server.js",
      "client": "cd client && yarn run start",
      "dev": "concurrently --kill-others-on-fail \"yarn run server\" \"yarn run client\"",
      "heroku-postbuild": "cd client && yarn && yarn run build",
      "prettify": "prettier '*/**/*.js' '*/**/*.jsx' '*/**/*.html' '*/**/*.css' --write"
    }
  }

yarn manifest: 
  No manifest

Lockfile: 
  # THIS IS AN AUTOGENERATED FILE. DO NOT EDIT THIS FILE DIRECTLY.
  # yarn lockfile v1
  
  
  bootstrap@^4.5.3:
    version "4.5.3"
    resolved "https://registry.yarnpkg.com/bootstrap/-/bootstrap-4.5.3.tgz#c6a72b355aaf323920be800246a6e4ef30997fe6"
    integrity sha512-o9ppKQioXGqhw8Z7mah6KdTYpNQY//tipnkxppWhPbiSWdD+1raYsnhwEZjkTHYbGee4cVQ0Rx65EhOY/HNLcQ==
